*** Starting uWSGI 2.0.11.1 (64bit) on [Fri Aug 21 10:59:37 2015] ***
compiled with version: 4.8.4 on 20 August 2015 10:29:41
os: Linux-3.13.0-34-generic #60-Ubuntu SMP Wed Aug 13 15:45:27 UTC 2014
nodename: ubuntu
machine: x86_64
clock source: unix
detected number of CPU cores: 2
current working directory: /media/psf/Django/Django/mysite
detected binary path: /usr/local/bin/uwsgi
!!! no internal routing support, rebuild with pcre support !!!
chdir() to /media/psf/Django/Django/mysite
*** WARNING: you are running uWSGI without its master process manager ***
your processes number limit is 7755
your memory page size is 4096 bytes
detected max file descriptor number: 1024
lock engine: pthread robust mutexes
thunder lock: disabled (you can enable it with --thunder-lock)
uwsgi socket 0 bound to TCP address :8077 fd 3
Python version: 2.7.6 (default, Jun 22 2015, 18:01:27)  [GCC 4.8.2]
*** Python threads support is disabled. You can enable it with --enable-threads ***
Python main interpreter initialized at 0x2108490
your server socket listen backlog is limited to 100 connections
your mercy for graceful operations on workers is 60 seconds
mapped 291040 bytes (284 KB) for 4 cores
*** Operational MODE: preforking ***
WSGI app 0 (mountpoint='') ready in 0 seconds on interpreter 0x2108490 pid: 28664 (default app)
*** uWSGI is running in multiple interpreter mode ***
spawned uWSGI worker 1 (pid: 28664, cores: 1)
spawned uWSGI worker 2 (pid: 28665, cores: 1)
spawned uWSGI worker 3 (pid: 28666, cores: 1)
spawned uWSGI worker 4 (pid: 28667, cores: 1)
[pid: 28664|app: 0|req: 1/1] 10.211.55.2 () {44 vars in 815 bytes} [Fri Aug 21 10:59:51 2015] GET /admin => generated 0 bytes in 184 msecs (HTTP/1.1 301) 3 headers in 140 bytes (1 switches on core 0)
[pid: 28664|app: 0|req: 2/2] 10.211.55.2 () {44 vars in 817 bytes} [Fri Aug 21 10:59:51 2015] GET /admin/ => generated 1896 bytes in 107 msecs (HTTP/1.1 200) 8 headers in 467 bytes (1 switches on core 0)
[pid: 28667|app: 0|req: 1/3] 10.211.55.2 () {52 vars in 1002 bytes} [Fri Aug 21 10:59:56 2015] POST /admin/ => generated 0 bytes in 186 msecs (HTTP/1.1 302) 8 headers in 385 bytes (1 switches on core 0)
[pid: 28664|app: 0|req: 3/4] 10.211.55.2 () {46 vars in 858 bytes} [Fri Aug 21 10:59:56 2015] GET /admin/ => generated 6438 bytes in 25 msecs (HTTP/1.1 200) 6 headers in 214 bytes (1 switches on core 0)
[pid: 28667|app: 0|req: 2/5] 10.211.55.2 () {42 vars in 786 bytes} [Fri Aug 21 11:00:40 2015] GET /search => generated 0 bytes in 2 msecs (HTTP/1.1 301) 3 headers in 141 bytes (1 switches on core 0)
[pid: 28666|app: 0|req: 1/6] 10.211.55.2 () {42 vars in 788 bytes} [Fri Aug 21 11:00:40 2015] GET /search/ => generated 212 bytes in 114 msecs (HTTP/1.1 200) 2 headers in 88 bytes (1 switches on core 0)
[pid: 28667|app: 0|req: 3/7] 10.211.55.2 () {44 vars in 837 bytes} [Fri Aug 21 11:00:43 2015] GET /search/?q=d => generated 183 bytes in 10 msecs (HTTP/1.1 200) 2 headers in 88 bytes (1 switches on core 0)
*** Starting uWSGI 2.0.11.1 (64bit) on [Fri Aug 21 11:48:51 2015] ***
compiled with version: 4.8.4 on 20 August 2015 10:29:41
os: Linux-3.13.0-34-generic #60-Ubuntu SMP Wed Aug 13 15:45:27 UTC 2014
nodename: ubuntu
machine: x86_64
clock source: unix
detected number of CPU cores: 2
current working directory: /media/psf/Django/Django/mysite
detected binary path: /usr/local/bin/uwsgi
!!! no internal routing support, rebuild with pcre support !!!
chdir() to /media/psf/Django/Django/mysite
*** WARNING: you are running uWSGI without its master process manager ***
your processes number limit is 7755
your memory page size is 4096 bytes
detected max file descriptor number: 1024
lock engine: pthread robust mutexes
thunder lock: disabled (you can enable it with --thunder-lock)
uwsgi socket 0 bound to TCP address :8077 fd 3
Python version: 2.7.6 (default, Jun 22 2015, 18:01:27)  [GCC 4.8.2]
*** Python threads support is disabled. You can enable it with --enable-threads ***
Python main interpreter initialized at 0x88a750
your server socket listen backlog is limited to 100 connections
your mercy for graceful operations on workers is 60 seconds
mapped 291040 bytes (284 KB) for 4 cores
*** Operational MODE: preforking ***
WSGI app 0 (mountpoint='') ready in 0 seconds on interpreter 0x88a750 pid: 5414 (default app)
*** uWSGI is running in multiple interpreter mode ***
spawned uWSGI worker 1 (pid: 5414, cores: 1)
spawned uWSGI worker 2 (pid: 5418, cores: 1)
spawned uWSGI worker 3 (pid: 5419, cores: 1)
spawned uWSGI worker 4 (pid: 5420, cores: 1)
[pid: 5414|app: 0|req: 1/1] 10.211.55.2 () {46 vars in 858 bytes} [Fri Aug 21 11:49:00 2015] GET /admin/ => generated 6438 bytes in 205 msecs (HTTP/1.1 200) 6 headers in 214 bytes (1 switches on core 0)
*** Starting uWSGI 2.0.11.1 (64bit) on [Fri Aug 21 11:53:29 2015] ***
compiled with version: 4.8.4 on 20 August 2015 10:29:41
os: Linux-3.13.0-34-generic #60-Ubuntu SMP Wed Aug 13 15:45:27 UTC 2014
nodename: ubuntu
machine: x86_64
clock source: unix
detected number of CPU cores: 2
current working directory: /media/psf/Django/Django/mysite
writing pidfile to /media/psf/Django/Django/mysite/uwsgi.pid
detected binary path: /usr/local/bin/uwsgi
!!! no internal routing support, rebuild with pcre support !!!
chdir() to /media/psf/Django/Django/mysite
your processes number limit is 7755
your memory page size is 4096 bytes
detected max file descriptor number: 1024
lock engine: pthread robust mutexes
thunder lock: disabled (you can enable it with --thunder-lock)
uwsgi socket 0 bound to TCP address :8077 fd 3
Python version: 2.7.6 (default, Jun 22 2015, 18:01:27)  [GCC 4.8.2]
Python main interpreter initialized at 0x245e710
python threads support enabled
your server socket listen backlog is limited to 120 connections
your mercy for graceful operations on workers is 60 seconds
mapped 912888 bytes (891 KB) for 8 cores
*** Operational MODE: preforking ***
ImportError: No module named wsgi
unable to load app 0 (mountpoint='') (callable not found or import error)
*** no app loaded. going in full dynamic mode ***
*** uWSGI is running in multiple interpreter mode ***
spawned uWSGI master process (pid: 6298)
spawned uWSGI worker 1 (pid: 6299, cores: 1)
spawned uWSGI worker 2 (pid: 6300, cores: 1)
spawned uWSGI worker 3 (pid: 6301, cores: 1)
spawned uWSGI worker 4 (pid: 6302, cores: 1)
spawned uWSGI worker 5 (pid: 6303, cores: 1)
spawned uWSGI worker 6 (pid: 6304, cores: 1)
spawned uWSGI worker 7 (pid: 6305, cores: 1)
spawned uWSGI worker 8 (pid: 6306, cores: 1)
--- no python application found, check your startup logs for errors ---
[pid: 6303|app: -1|req: -1/1] 10.211.55.2 () {46 vars in 880 bytes} [Fri Aug 21 11:53:33 2015] GET /admin/books/book/ => generated 21 bytes in 0 msecs (HTTP/1.1 500) 2 headers in 83 bytes (0 switches on core 0)
--- no python application found, check your startup logs for errors ---
[pid: 6299|app: -1|req: -1/2] 10.211.55.2 () {46 vars in 880 bytes} [Fri Aug 21 11:53:45 2015] GET /admin/books/book/ => generated 21 bytes in 0 msecs (HTTP/1.1 500) 2 headers in 83 bytes (0 switches on core 0)
--- no python application found, check your startup logs for errors ---
[pid: 6299|app: -1|req: -1/3] 10.211.55.2 () {46 vars in 880 bytes} [Fri Aug 21 11:53:46 2015] GET /admin/books/book/ => generated 21 bytes in 0 msecs (HTTP/1.1 500) 2 headers in 83 bytes (0 switches on core 0)
--- no python application found, check your startup logs for errors ---
[pid: 6305|app: -1|req: -1/4] 10.211.55.2 () {42 vars in 784 bytes} [Fri Aug 21 11:53:53 2015] GET /admin => generated 21 bytes in 0 msecs (HTTP/1.1 500) 2 headers in 83 bytes (0 switches on core 0)
--- no python application found, check your startup logs for errors ---
[pid: 6302|app: -1|req: -1/5] 10.211.55.2 () {44 vars in 815 bytes} [Fri Aug 21 11:54:15 2015] GET /admin => generated 21 bytes in 0 msecs (HTTP/1.1 500) 2 headers in 83 bytes (0 switches on core 0)
--- no python application found, check your startup logs for errors ---
[pid: 6299|app: -1|req: -1/6] 10.211.55.2 () {44 vars in 815 bytes} [Fri Aug 21 11:54:16 2015] GET /admin => generated 21 bytes in 0 msecs (HTTP/1.1 500) 2 headers in 83 bytes (0 switches on core 0)
Fri Aug 21 12:07:00 2015 - uWSGI worker 7 screams: UAAAAAAH my master disconnected: i will kill myself !!!
Fri Aug 21 12:07:00 2015 - uWSGI worker 1 screams: UAAAAAAH my master disconnected: i will kill myself !!!
Fri Aug 21 12:07:00 2015 - uWSGI worker 2 screams: UAAAAAAH my master disconnected: i will kill myself !!!
Fri Aug 21 12:07:00 2015 - uWSGI worker 3 screams: UAAAAAAH my master disconnected: i will kill myself !!!
Fri Aug 21 12:07:00 2015 - uWSGI worker 4 screams: UAAAAAAH my master disconnected: i will kill myself !!!
Fri Aug 21 12:07:00 2015 - uWSGI worker 5 screams: UAAAAAAH my master disconnected: i will kill myself !!!
Fri Aug 21 12:07:00 2015 - uWSGI worker 6 screams: UAAAAAAH my master disconnected: i will kill myself !!!
Fri Aug 21 12:07:00 2015 - uWSGI worker 8 screams: UAAAAAAH my master disconnected: i will kill myself !!!
*** Starting uWSGI 2.0.11.1 (64bit) on [Fri Aug 21 12:08:37 2015] ***
compiled with version: 4.8.4 on 20 August 2015 10:29:41
os: Linux-3.13.0-34-generic #60-Ubuntu SMP Wed Aug 13 15:45:27 UTC 2014
nodename: ubuntu
machine: x86_64
clock source: unix
detected number of CPU cores: 2
current working directory: /media/psf/Django/Django/mysite
detected binary path: /usr/local/bin/uwsgi
!!! no internal routing support, rebuild with pcre support !!!
chdir() to /media/psf/Django/Django/mysite
your processes number limit is 7755
your memory page size is 4096 bytes
detected max file descriptor number: 1024
lock engine: pthread robust mutexes
thunder lock: disabled (you can enable it with --thunder-lock)
uwsgi socket 0 bound to TCP address :8077 fd 3
Python version: 2.7.6 (default, Jun 22 2015, 18:01:27)  [GCC 4.8.2]
*** Python threads support is disabled. You can enable it with --enable-threads ***
Python main interpreter initialized at 0xa94a50
your server socket listen backlog is limited to 100 connections
your mercy for graceful operations on workers is 60 seconds
mapped 202864 bytes (198 KB) for 1 cores
*** Operational MODE: single process ***
ImportError: No module named wsgi
unable to load app 0 (mountpoint='') (callable not found or import error)
*** no app loaded. going in full dynamic mode ***
*** uWSGI is running in multiple interpreter mode ***
spawned uWSGI master process (pid: 9088)
spawned uWSGI worker 1 (pid: 9089, cores: 1)
--- no python application found, check your startup logs for errors ---
[pid: 9089|app: -1|req: -1/1] 10.211.55.2 () {44 vars in 815 bytes} [Fri Aug 21 12:08:41 2015] GET /admin => generated 21 bytes in 0 msecs (HTTP/1.1 500) 2 headers in 83 bytes (0 switches on core 0)
--- no python application found, check your startup logs for errors ---
[pid: 9089|app: -1|req: -1/2] 10.211.55.2 () {44 vars in 815 bytes} [Fri Aug 21 12:08:42 2015] GET /admin => generated 21 bytes in 0 msecs (HTTP/1.1 500) 2 headers in 83 bytes (0 switches on core 0)
--- no python application found, check your startup logs for errors ---
[pid: 9089|app: -1|req: -1/3] 10.211.55.2 () {44 vars in 815 bytes} [Fri Aug 21 12:08:42 2015] GET /admin => generated 21 bytes in 0 msecs (HTTP/1.1 500) 2 headers in 83 bytes (0 switches on core 0)
--- no python application found, check your startup logs for errors ---
[pid: 9089|app: -1|req: -1/4] 10.211.55.2 () {44 vars in 815 bytes} [Fri Aug 21 12:08:42 2015] GET /admin => generated 21 bytes in 0 msecs (HTTP/1.1 500) 2 headers in 83 bytes (0 switches on core 0)
--- no python application found, check your startup logs for errors ---
[pid: 9089|app: -1|req: -1/5] 10.211.55.2 () {44 vars in 815 bytes} [Fri Aug 21 12:08:43 2015] GET /admin => generated 21 bytes in 0 msecs (HTTP/1.1 500) 2 headers in 83 bytes (0 switches on core 0)
Fri Aug 21 12:08:54 2015 - uWSGI worker 1 screams: UAAAAAAH my master disconnected: i will kill myself !!!
*** Starting uWSGI 2.0.11.1 (64bit) on [Fri Aug 21 12:09:07 2015] ***
compiled with version: 4.8.4 on 20 August 2015 10:29:41
os: Linux-3.13.0-34-generic #60-Ubuntu SMP Wed Aug 13 15:45:27 UTC 2014
nodename: ubuntu
machine: x86_64
clock source: unix
detected number of CPU cores: 2
current working directory: /media/psf/Django/Django/mysite
detected binary path: /usr/local/bin/uwsgi
!!! no internal routing support, rebuild with pcre support !!!
chdir() to /media/psf/Django/Django/mysite
your processes number limit is 7755
your memory page size is 4096 bytes
detected max file descriptor number: 1024
lock engine: pthread robust mutexes
thunder lock: disabled (you can enable it with --thunder-lock)
uwsgi socket 0 bound to TCP address :8077 fd 3
Python version: 2.7.6 (default, Jun 22 2015, 18:01:27)  [GCC 4.8.2]
*** Python threads support is disabled. You can enable it with --enable-threads ***
Python main interpreter initialized at 0x14a8a50
your server socket listen backlog is limited to 100 connections
your mercy for graceful operations on workers is 60 seconds
mapped 202864 bytes (198 KB) for 1 cores
*** Operational MODE: single process ***
ImportError: No module named wsgi
unable to load app 0 (mountpoint='') (callable not found or import error)
*** no app loaded. going in full dynamic mode ***
*** uWSGI is running in multiple interpreter mode ***
spawned uWSGI master process (pid: 9188)
spawned uWSGI worker 1 (pid: 9189, cores: 1)
--- no python application found, check your startup logs for errors ---
[pid: 9189|app: -1|req: -1/1] 10.211.55.2 () {44 vars in 815 bytes} [Fri Aug 21 12:09:09 2015] GET /admin => generated 21 bytes in 0 msecs (HTTP/1.1 500) 2 headers in 83 bytes (0 switches on core 0)
--- no python application found, check your startup logs for errors ---
[pid: 9189|app: -1|req: -1/2] 10.211.55.2 () {44 vars in 815 bytes} [Fri Aug 21 12:09:11 2015] GET /admin => generated 21 bytes in 0 msecs (HTTP/1.1 500) 2 headers in 83 bytes (0 switches on core 0)
*** Starting uWSGI 2.0.11.1 (64bit) on [Fri Aug 21 12:10:56 2015] ***
compiled with version: 4.8.4 on 20 August 2015 10:29:41
os: Linux-3.13.0-34-generic #60-Ubuntu SMP Wed Aug 13 15:45:27 UTC 2014
nodename: ubuntu
machine: x86_64
clock source: unix
detected number of CPU cores: 2
current working directory: /media/psf/Django/Django/mysite
detected binary path: /usr/local/bin/uwsgi
!!! no internal routing support, rebuild with pcre support !!!
chdir() to /media/psf/Django/Django/mysite
your processes number limit is 7755
your memory page size is 4096 bytes
detected max file descriptor number: 1024
lock engine: pthread robust mutexes
thunder lock: disabled (you can enable it with --thunder-lock)
probably another instance of uWSGI is running on the same address (:8077).
bind(): Address already in use [core/socket.c line 764]
--- no python application found, check your startup logs for errors ---
[pid: 9189|app: -1|req: -1/3] 10.211.55.2 () {44 vars in 815 bytes} [Fri Aug 21 12:10:57 2015] GET /admin => generated 21 bytes in 0 msecs (HTTP/1.1 500) 2 headers in 83 bytes (0 switches on core 0)
--- no python application found, check your startup logs for errors ---
[pid: 9189|app: -1|req: -1/4] 10.211.55.2 () {44 vars in 815 bytes} [Fri Aug 21 12:11:14 2015] GET /admin => generated 21 bytes in 0 msecs (HTTP/1.1 500) 2 headers in 83 bytes (0 switches on core 0)
--- no python application found, check your startup logs for errors ---
[pid: 9189|app: -1|req: -1/5] 10.211.55.2 () {44 vars in 815 bytes} [Fri Aug 21 12:11:15 2015] GET /admin => generated 21 bytes in 0 msecs (HTTP/1.1 500) 2 headers in 83 bytes (0 switches on core 0)
--- no python application found, check your startup logs for errors ---
[pid: 9189|app: -1|req: -1/6] 10.211.55.2 () {44 vars in 815 bytes} [Fri Aug 21 12:11:15 2015] GET /admin => generated 21 bytes in 0 msecs (HTTP/1.1 500) 2 headers in 83 bytes (0 switches on core 0)
*** Starting uWSGI 2.0.11.1 (64bit) on [Fri Aug 21 12:11:19 2015] ***
compiled with version: 4.8.4 on 20 August 2015 10:29:41
os: Linux-3.13.0-34-generic #60-Ubuntu SMP Wed Aug 13 15:45:27 UTC 2014
nodename: ubuntu
machine: x86_64
clock source: unix
detected number of CPU cores: 2
current working directory: /media/psf/Django/Django/mysite
detected binary path: /usr/local/bin/uwsgi
!!! no internal routing support, rebuild with pcre support !!!
chdir() to /media/psf/Django/Django/mysite
your processes number limit is 7755
your memory page size is 4096 bytes
detected max file descriptor number: 1024
lock engine: pthread robust mutexes
thunder lock: disabled (you can enable it with --thunder-lock)
probably another instance of uWSGI is running on the same address (:8077).
bind(): Address already in use [core/socket.c line 764]
--- no python application found, check your startup logs for errors ---
[pid: 9189|app: -1|req: -1/7] 10.211.55.2 () {44 vars in 815 bytes} [Fri Aug 21 12:11:22 2015] GET /admin => generated 21 bytes in 0 msecs (HTTP/1.1 500) 2 headers in 83 bytes (0 switches on core 0)
--- no python application found, check your startup logs for errors ---
[pid: 9189|app: -1|req: -1/8] 10.211.55.2 () {44 vars in 815 bytes} [Fri Aug 21 12:11:22 2015] GET /admin => generated 21 bytes in 0 msecs (HTTP/1.1 500) 2 headers in 83 bytes (0 switches on core 0)
Fri Aug 21 12:11:47 2015 - uWSGI worker 1 screams: UAAAAAAH my master disconnected: i will kill myself !!!
*** Starting uWSGI 2.0.11.1 (64bit) on [Fri Aug 21 12:12:23 2015] ***
compiled with version: 4.8.4 on 20 August 2015 10:29:41
os: Linux-3.13.0-34-generic #60-Ubuntu SMP Wed Aug 13 15:45:27 UTC 2014
nodename: ubuntu
machine: x86_64
clock source: unix
detected number of CPU cores: 2
current working directory: /media/psf/Django/Django/mysite
detected binary path: /usr/local/bin/uwsgi
!!! no internal routing support, rebuild with pcre support !!!
chdir() to /media/psf/Django/Django/mysite
your processes number limit is 7755
your memory page size is 4096 bytes
detected max file descriptor number: 1024
lock engine: pthread robust mutexes
thunder lock: disabled (you can enable it with --thunder-lock)
uwsgi socket 0 bound to TCP address :8077 fd 3
Python version: 2.7.6 (default, Jun 22 2015, 18:01:27)  [GCC 4.8.2]
*** Python threads support is disabled. You can enable it with --enable-threads ***
Python main interpreter initialized at 0x17ae700
your server socket listen backlog is limited to 100 connections
your mercy for graceful operations on workers is 60 seconds
mapped 363800 bytes (355 KB) for 4 cores
*** Operational MODE: preforking ***
WSGI app 0 (mountpoint='') ready in 0 seconds on interpreter 0x17ae700 pid: 9825 (default app)
*** uWSGI is running in multiple interpreter mode ***
spawned uWSGI master process (pid: 9825)
spawned uWSGI worker 1 (pid: 9826, cores: 1)
spawned uWSGI worker 2 (pid: 9827, cores: 1)
spawned uWSGI worker 3 (pid: 9828, cores: 1)
spawned uWSGI worker 4 (pid: 9829, cores: 1)
[pid: 9828|app: 0|req: 1/1] 10.211.55.2 () {44 vars in 815 bytes} [Fri Aug 21 12:12:26 2015] GET /admin => generated 0 bytes in 111 msecs (HTTP/1.1 301) 3 headers in 140 bytes (1 switches on core 0)
[pid: 9829|app: 0|req: 1/2] 10.211.55.2 () {46 vars in 872 bytes} [Fri Aug 21 12:12:26 2015] GET /admin/ => generated 6438 bytes in 142 msecs (HTTP/1.1 200) 6 headers in 214 bytes (1 switches on core 0)
[pid: 9828|app: 0|req: 2/3] 10.211.55.2 () {44 vars in 841 bytes} [Fri Aug 21 12:12:30 2015] GET /admin/logout/ => generated 1130 bytes in 53 msecs (HTTP/1.1 200) 7 headers in 345 bytes (1 switches on core 0)
[pid: 9829|app: 0|req: 2/4] 10.211.55.2 () {44 vars in 834 bytes} [Fri Aug 21 12:12:31 2015] GET /admin/ => generated 1896 bytes in 21 msecs (HTTP/1.1 200) 8 headers in 467 bytes (1 switches on core 0)
[pid: 9828|app: 0|req: 3/5] 10.211.55.2 () {52 vars in 1002 bytes} [Fri Aug 21 12:12:34 2015] POST /admin/ => generated 0 bytes in 67 msecs (HTTP/1.1 302) 8 headers in 385 bytes (1 switches on core 0)
[pid: 9829|app: 0|req: 3/6] 10.211.55.2 () {46 vars in 858 bytes} [Fri Aug 21 12:12:34 2015] GET /admin/ => generated 6438 bytes in 21 msecs (HTTP/1.1 200) 6 headers in 214 bytes (1 switches on core 0)
[pid: 9828|app: 0|req: 4/7] 10.211.55.2 () {44 vars in 861 bytes} [Fri Aug 21 12:12:38 2015] GET /admin/books/author/add/ => generated 4754 bytes in 47 msecs (HTTP/1.1 200) 7 headers in 336 bytes (1 switches on core 0)
[pid: 9827|app: 0|req: 1/8] 10.211.55.2 () {42 vars in 752 bytes} [Fri Aug 21 12:12:39 2015] GET /admin/jsi18n/ => generated 5309 bytes in 148 msecs (HTTP/1.1 200) 3 headers in 93 bytes (1 switches on core 0)
[pid: 9828|app: 0|req: 5/9] 10.211.55.2 () {52 vars in 1123 bytes} [Fri Aug 21 12:12:53 2015] POST /admin/books/author/add/ => generated 0 bytes in 35 msecs (HTTP/1.1 302) 8 headers in 524 bytes (1 switches on core 0)
[pid: 9827|app: 0|req: 2/10] 10.211.55.2 () {46 vars in 1139 bytes} [Fri Aug 21 12:12:53 2015] GET /admin/books/author/4/ => generated 5041 bytes in 42 msecs (HTTP/1.1 200) 8 headers in 418 bytes (1 switches on core 0)
[pid: 9829|app: 0|req: 4/11] 10.211.55.2 () {42 vars in 750 bytes} [Fri Aug 21 12:12:53 2015] GET /admin/jsi18n/ => generated 5309 bytes in 9 msecs (HTTP/1.1 200) 3 headers in 93 bytes (1 switches on core 0)
[pid: 9826|app: 0|req: 1/12] 10.211.55.2 () {44 vars in 888 bytes} [Fri Aug 21 12:12:55 2015] GET /admin/books/author/4/history/ => generated 1985 bytes in 167 msecs (HTTP/1.1 200) 6 headers in 214 bytes (1 switches on core 0)
[pid: 9828|app: 0|req: 6/13] 10.211.55.2 () {44 vars in 876 bytes} [Fri Aug 21 12:13:00 2015] GET /admin/books/author/ => generated 5285 bytes in 38 msecs (HTTP/1.1 200) 7 headers in 336 bytes (1 switches on core 0)
[pid: 9829|app: 0|req: 5/14] 10.211.55.2 () {42 vars in 748 bytes} [Fri Aug 21 12:13:00 2015] GET /admin/jsi18n/ => generated 5309 bytes in 8 msecs (HTTP/1.1 200) 3 headers in 93 bytes (1 switches on core 0)
[pid: 9827|app: 0|req: 3/15] 10.211.55.2 () {44 vars in 852 bytes} [Fri Aug 21 12:13:04 2015] GET /admin/books/ => generated 2798 bytes in 26 msecs (HTTP/1.1 200) 6 headers in 214 bytes (1 switches on core 0)
[pid: 9828|app: 0|req: 7/16] 10.211.55.2 () {44 vars in 833 bytes} [Fri Aug 21 12:13:05 2015] GET /admin/ => generated 6710 bytes in 25 msecs (HTTP/1.1 200) 6 headers in 214 bytes (1 switches on core 0)
Fri Aug 21 12:15:47 2015 - uWSGI worker 1 screams: UAAAAAAH my master disconnected: i will kill myself !!!
Fri Aug 21 12:15:47 2015 - uWSGI worker 2 screams: UAAAAAAH my master disconnected: i will kill myself !!!
Fri Aug 21 12:15:47 2015 - uWSGI worker 3 screams: UAAAAAAH my master disconnected: i will kill myself !!!
Fri Aug 21 12:15:47 2015 - uWSGI worker 4 screams: UAAAAAAH my master disconnected: i will kill myself !!!
*** Starting uWSGI 2.0.11.1 (64bit) on [Fri Aug 21 12:16:04 2015] ***
compiled with version: 4.8.4 on 20 August 2015 10:29:41
os: Linux-3.13.0-34-generic #60-Ubuntu SMP Wed Aug 13 15:45:27 UTC 2014
nodename: ubuntu
machine: x86_64
clock source: unix
detected number of CPU cores: 2
current working directory: /media/psf/Django/Django/mysite
detected binary path: /usr/local/bin/uwsgi
!!! no internal routing support, rebuild with pcre support !!!
chdir() to /media/psf/Django/Django/mysite
your processes number limit is 7755
your memory page size is 4096 bytes
detected max file descriptor number: 1024
lock engine: pthread robust mutexes
thunder lock: disabled (you can enable it with --thunder-lock)
uwsgi socket 0 bound to TCP address 127.0.0.1:8077 fd 3
Python version: 2.7.6 (default, Jun 22 2015, 18:01:27)  [GCC 4.8.2]
*** Python threads support is disabled. You can enable it with --enable-threads ***
Python main interpreter initialized at 0x812940
your server socket listen backlog is limited to 100 connections
your mercy for graceful operations on workers is 60 seconds
mapped 654840 bytes (639 KB) for 8 cores
*** Operational MODE: preforking ***
ImportError: No module named wsgi
unable to load app 0 (mountpoint='') (callable not found or import error)
*** no app loaded. going in full dynamic mode ***
*** uWSGI is running in multiple interpreter mode ***
spawned uWSGI master process (pid: 10501)
spawned uWSGI worker 1 (pid: 10502, cores: 1)
spawned uWSGI worker 2 (pid: 10503, cores: 1)
spawned uWSGI worker 3 (pid: 10504, cores: 1)
spawned uWSGI worker 4 (pid: 10505, cores: 1)
spawned uWSGI worker 5 (pid: 10506, cores: 1)
spawned uWSGI worker 6 (pid: 10507, cores: 1)
spawned uWSGI worker 7 (pid: 10508, cores: 1)
spawned uWSGI worker 8 (pid: 10509, cores: 1)
--- no python application found, check your startup logs for errors ---
[pid: 10503|app: -1|req: -1/1] 10.211.55.2 () {48 vars in 919 bytes} [Fri Aug 21 12:16:07 2015] GET /admin/ => generated 21 bytes in 0 msecs (HTTP/1.1 500) 2 headers in 83 bytes (0 switches on core 0)
*** Starting uWSGI 2.0.11.1 (64bit) on [Fri Aug 21 12:19:05 2015] ***
compiled with version: 4.8.4 on 20 August 2015 10:29:41
os: Linux-3.13.0-34-generic #60-Ubuntu SMP Wed Aug 13 15:45:27 UTC 2014
nodename: ubuntu
machine: x86_64
clock source: unix
detected number of CPU cores: 2
current working directory: /media/psf/Django/Django/mysite
detected binary path: /usr/local/bin/uwsgi
!!! no internal routing support, rebuild with pcre support !!!
chdir() to /media/psf/Django/Django/mysite
your processes number limit is 7755
your memory page size is 4096 bytes
detected max file descriptor number: 1024
lock engine: pthread robust mutexes
thunder lock: disabled (you can enable it with --thunder-lock)
probably another instance of uWSGI is running on the same address (127.0.0.1:8077).
bind(): Address already in use [core/socket.c line 764]
chdir(): No such file or directory [plugins/python/pyloader.c line 109]
ImportError: No module named wsgi
unable to load app 0 (mountpoint='') (callable not found or import error)
--- no python application found, check your startup logs for errors ---
[pid: 10504|app: -1|req: -1/2] 10.211.55.2 () {50 vars in 913 bytes} [Fri Aug 21 12:19:08 2015] GET /admin/ => generated 21 bytes in 2 msecs (HTTP/1.1 500) 2 headers in 83 bytes (0 switches on core 0)
chdir(): No such file or directory [plugins/python/pyloader.c line 109]
ImportError: No module named wsgi
unable to load app 0 (mountpoint='') (callable not found or import error)
--- no python application found, check your startup logs for errors ---
[pid: 10505|app: -1|req: -1/3] 10.211.55.2 () {50 vars in 913 bytes} [Fri Aug 21 12:19:09 2015] GET /admin/ => generated 21 bytes in 2 msecs (HTTP/1.1 500) 2 headers in 83 bytes (0 switches on core 0)
chdir(): No such file or directory [plugins/python/pyloader.c line 109]
ImportError: No module named wsgi
unable to load app 0 (mountpoint='') (callable not found or import error)
--- no python application found, check your startup logs for errors ---
[pid: 10502|app: -1|req: -1/4] 10.211.55.2 () {50 vars in 913 bytes} [Fri Aug 21 12:19:09 2015] GET /admin/ => generated 21 bytes in 3 msecs (HTTP/1.1 500) 2 headers in 83 bytes (0 switches on core 0)
chdir(): No such file or directory [plugins/python/pyloader.c line 109]
ImportError: No module named wsgi
unable to load app 0 (mountpoint='') (callable not found or import error)
--- no python application found, check your startup logs for errors ---
[pid: 10508|app: -1|req: -1/5] 10.211.55.2 () {50 vars in 913 bytes} [Fri Aug 21 12:19:10 2015] GET /admin/ => generated 21 bytes in 2 msecs (HTTP/1.1 500) 2 headers in 83 bytes (0 switches on core 0)
chdir(): No such file or directory [plugins/python/pyloader.c line 109]
ImportError: No module named wsgi
unable to load app 0 (mountpoint='') (callable not found or import error)
--- no python application found, check your startup logs for errors ---
[pid: 10508|app: -1|req: -1/6] 10.211.55.2 () {50 vars in 913 bytes} [Fri Aug 21 12:19:10 2015] GET /admin/ => generated 21 bytes in 1 msecs (HTTP/1.1 500) 2 headers in 83 bytes (0 switches on core 0)
chdir(): No such file or directory [plugins/python/pyloader.c line 109]
ImportError: No module named wsgi
unable to load app 0 (mountpoint='') (callable not found or import error)
--- no python application found, check your startup logs for errors ---
[pid: 10508|app: -1|req: -1/7] 10.211.55.2 () {50 vars in 913 bytes} [Fri Aug 21 12:19:10 2015] GET /admin/ => generated 21 bytes in 1 msecs (HTTP/1.1 500) 2 headers in 83 bytes (0 switches on core 0)
chdir(): No such file or directory [plugins/python/pyloader.c line 109]
ImportError: No module named wsgi
unable to load app 0 (mountpoint='') (callable not found or import error)
--- no python application found, check your startup logs for errors ---
[pid: 10508|app: -1|req: -1/8] 10.211.55.2 () {50 vars in 913 bytes} [Fri Aug 21 12:19:10 2015] GET /admin/ => generated 21 bytes in 1 msecs (HTTP/1.1 500) 2 headers in 83 bytes (0 switches on core 0)
chdir(): No such file or directory [plugins/python/pyloader.c line 109]
ImportError: No module named wsgi
unable to load app 0 (mountpoint='') (callable not found or import error)
--- no python application found, check your startup logs for errors ---
[pid: 10508|app: -1|req: -1/9] 10.211.55.2 () {50 vars in 913 bytes} [Fri Aug 21 12:19:10 2015] GET /admin/ => generated 21 bytes in 1 msecs (HTTP/1.1 500) 2 headers in 83 bytes (0 switches on core 0)
chdir(): No such file or directory [plugins/python/pyloader.c line 109]
ImportError: No module named wsgi
unable to load app 0 (mountpoint='') (callable not found or import error)
--- no python application found, check your startup logs for errors ---
[pid: 10509|app: -1|req: -1/10] 10.211.55.2 () {50 vars in 913 bytes} [Fri Aug 21 12:23:49 2015] GET /admin/ => generated 21 bytes in 2 msecs (HTTP/1.1 500) 2 headers in 83 bytes (0 switches on core 0)
chdir(): No such file or directory [plugins/python/pyloader.c line 109]
ImportError: No module named wsgi
unable to load app 0 (mountpoint='') (callable not found or import error)
--- no python application found, check your startup logs for errors ---
[pid: 10508|app: -1|req: -1/11] 10.211.55.2 () {50 vars in 913 bytes} [Fri Aug 21 12:23:50 2015] GET /admin/ => generated 21 bytes in 2 msecs (HTTP/1.1 500) 2 headers in 83 bytes (0 switches on core 0)
chdir(): No such file or directory [plugins/python/pyloader.c line 109]
ImportError: No module named wsgi
unable to load app 0 (mountpoint='') (callable not found or import error)
--- no python application found, check your startup logs for errors ---
[pid: 10502|app: -1|req: -1/12] 10.211.55.4 () {42 vars in 635 bytes} [Fri Aug 21 12:24:04 2015] GET /admin => generated 21 bytes in 2 msecs (HTTP/1.1 500) 2 headers in 83 bytes (0 switches on core 0)
chdir(): No such file or directory [plugins/python/pyloader.c line 109]
ImportError: No module named wsgi
unable to load app 0 (mountpoint='') (callable not found or import error)
--- no python application found, check your startup logs for errors ---
[pid: 10503|app: -1|req: -1/13] 10.211.55.4 () {42 vars in 625 bytes} [Fri Aug 21 12:24:08 2015] GET / => generated 21 bytes in 1 msecs (HTTP/1.1 500) 2 headers in 83 bytes (0 switches on core 0)
chdir(): No such file or directory [plugins/python/pyloader.c line 109]
ImportError: No module named wsgi
unable to load app 0 (mountpoint='') (callable not found or import error)
--- no python application found, check your startup logs for errors ---
[pid: 10505|app: -1|req: -1/14] 10.211.55.4 () {42 vars in 625 bytes} [Fri Aug 21 12:24:10 2015] GET / => generated 21 bytes in 0 msecs (HTTP/1.1 500) 2 headers in 83 bytes (0 switches on core 0)
chdir(): No such file or directory [plugins/python/pyloader.c line 109]
ImportError: No module named wsgi
unable to load app 0 (mountpoint='') (callable not found or import error)
--- no python application found, check your startup logs for errors ---
[pid: 10508|app: -1|req: -1/15] 10.211.55.2 () {50 vars in 913 bytes} [Fri Aug 21 12:25:10 2015] GET /admin/ => generated 21 bytes in 1 msecs (HTTP/1.1 500) 2 headers in 83 bytes (0 switches on core 0)
chdir(): No such file or directory [plugins/python/pyloader.c line 109]
ImportError: No module named wsgi
unable to load app 0 (mountpoint='') (callable not found or import error)
--- no python application found, check your startup logs for errors ---
[pid: 10508|app: -1|req: -1/16] 10.211.55.2 () {50 vars in 913 bytes} [Fri Aug 21 12:25:11 2015] GET /admin/ => generated 21 bytes in 1 msecs (HTTP/1.1 500) 2 headers in 83 bytes (0 switches on core 0)
Fri Aug 21 12:30:22 2015 - uWSGI worker 2 screams: UAAAAAAH my master disconnected: i will kill myself !!!
Fri Aug 21 12:30:22 2015 - uWSGI worker 1 screams: UAAAAAAH my master disconnected: i will kill myself !!!
Fri Aug 21 12:30:22 2015 - uWSGI worker 3 screams: UAAAAAAH my master disconnected: i will kill myself !!!
Fri Aug 21 12:30:22 2015 - uWSGI worker 4 screams: UAAAAAAH my master disconnected: i will kill myself !!!
Fri Aug 21 12:30:22 2015 - uWSGI worker 8 screams: UAAAAAAH my master disconnected: i will kill myself !!!
Fri Aug 21 12:30:22 2015 - uWSGI worker 6 screams: UAAAAAAH my master disconnected: i will kill myself !!!
Fri Aug 21 12:30:22 2015 - uWSGI worker 5 screams: UAAAAAAH my master disconnected: i will kill myself !!!
Fri Aug 21 12:30:22 2015 - uWSGI worker 7 screams: UAAAAAAH my master disconnected: i will kill myself !!!
*** Starting uWSGI 2.0.11.1 (64bit) on [Fri Aug 21 12:36:15 2015] ***
compiled with version: 4.8.4 on 20 August 2015 10:29:41
os: Linux-3.13.0-34-generic #60-Ubuntu SMP Wed Aug 13 15:45:27 UTC 2014
nodename: ubuntu
machine: x86_64
clock source: unix
detected number of CPU cores: 2
current working directory: /media/psf/Django/Django/mysite
detected binary path: /usr/local/bin/uwsgi
!!! no internal routing support, rebuild with pcre support !!!
chdir() to /media/psf/Django/Django/mysite
your processes number limit is 7755
your memory page size is 4096 bytes
detected max file descriptor number: 1024
lock engine: pthread robust mutexes
thunder lock: disabled (you can enable it with --thunder-lock)
uwsgi socket 0 bound to TCP address :8077 fd 3
Python version: 2.7.6 (default, Jun 22 2015, 18:01:27)  [GCC 4.8.2]
*** Python threads support is disabled. You can enable it with --enable-threads ***
Python main interpreter initialized at 0x1d83700
your server socket listen backlog is limited to 100 connections
your mercy for graceful operations on workers is 60 seconds
mapped 363800 bytes (355 KB) for 4 cores
*** Operational MODE: preforking ***
WSGI app 0 (mountpoint='') ready in 0 seconds on interpreter 0x1d83700 pid: 14228 (default app)
*** uWSGI is running in multiple interpreter mode ***
spawned uWSGI master process (pid: 14228)
spawned uWSGI worker 1 (pid: 14229, cores: 1)
spawned uWSGI worker 2 (pid: 14230, cores: 1)
spawned uWSGI worker 3 (pid: 14231, cores: 1)
spawned uWSGI worker 4 (pid: 14232, cores: 1)
[pid: 14231|app: 0|req: 1/1] 10.211.55.2 () {50 vars in 913 bytes} [Fri Aug 21 12:36:17 2015] GET /admin/ => generated 6710 bytes in 167 msecs (HTTP/1.1 200) 6 headers in 214 bytes (1 switches on core 0)
[pid: 14232|app: 0|req: 1/2] 10.211.55.2 () {52 vars in 987 bytes} [Fri Aug 21 12:37:44 2015] GET /admin/books/ => generated 2798 bytes in 151 msecs (HTTP/1.1 200) 6 headers in 214 bytes (1 switches on core 0)
[pid: 14231|app: 0|req: 2/3] 10.211.55.2 () {52 vars in 987 bytes} [Fri Aug 21 12:37:45 2015] GET /admin/books/ => generated 2798 bytes in 26 msecs (HTTP/1.1 200) 6 headers in 214 bytes (1 switches on core 0)
Fri Aug 21 12:37:54 2015 - uWSGI worker 1 screams: UAAAAAAH my master disconnected: i will kill myself !!!
Fri Aug 21 12:37:54 2015 - uWSGI worker 2 screams: UAAAAAAH my master disconnected: i will kill myself !!!
Fri Aug 21 12:37:54 2015 - uWSGI worker 3 screams: UAAAAAAH my master disconnected: i will kill myself !!!
Fri Aug 21 12:37:54 2015 - uWSGI worker 4 screams: UAAAAAAH my master disconnected: i will kill myself !!!
*** Starting uWSGI 2.0.11.1 (64bit) on [Fri Aug 21 16:32:22 2015] ***
compiled with version: 4.8.4 on 20 August 2015 10:29:41
os: Linux-3.13.0-34-generic #60-Ubuntu SMP Wed Aug 13 15:45:27 UTC 2014
nodename: ubuntu
machine: x86_64
clock source: unix
detected number of CPU cores: 2
current working directory: /media/psf/Django/Django/mysite
detected binary path: /usr/local/bin/uwsgi
!!! no internal routing support, rebuild with pcre support !!!
chdir() to /media/psf/Django/Django/mysite
your processes number limit is 7755
your memory page size is 4096 bytes
detected max file descriptor number: 1024
lock engine: pthread robust mutexes
thunder lock: disabled (you can enable it with --thunder-lock)
uwsgi socket 0 bound to TCP address :8077 fd 3
Python version: 2.7.6 (default, Jun 22 2015, 18:01:27)  [GCC 4.8.2]
*** Python threads support is disabled. You can enable it with --enable-threads ***
Python main interpreter initialized at 0x1791970
your server socket listen backlog is limited to 100 connections
your mercy for graceful operations on workers is 60 seconds
mapped 218280 bytes (213 KB) for 2 cores
*** Operational MODE: preforking ***
WSGI app 0 (mountpoint='') ready in 0 seconds on interpreter 0x1791970 pid: 5987 (default app)
*** uWSGI is running in multiple interpreter mode ***
spawned uWSGI master process (pid: 5987)
spawned uWSGI worker 1 (pid: 5991, cores: 1)
spawned uWSGI worker 2 (pid: 5992, cores: 1)
[pid: 5991|app: 0|req: 1/1] 10.211.55.2 () {46 vars in 914 bytes} [Fri Aug 21 16:32:25 2015] GET /admin/books/publisher/ => generated 4152 bytes in 164 msecs (HTTP/1.1 200) 7 headers in 336 bytes (1 switches on core 0)
[pid: 5991|app: 0|req: 2/2] 10.211.55.2 () {42 vars in 751 bytes} [Fri Aug 21 16:32:26 2015] GET /admin/jsi18n/ => generated 5309 bytes in 11 msecs (HTTP/1.1 200) 3 headers in 93 bytes (1 switches on core 0)
[pid: 5991|app: 0|req: 3/3] 10.211.55.2 () {46 vars in 934 bytes} [Fri Aug 21 16:32:27 2015] GET /admin/books/publisher/2/ => generated 5897 bytes in 32 msecs (HTTP/1.1 200) 7 headers in 336 bytes (1 switches on core 0)
[pid: 5992|app: 0|req: 1/4] 10.211.55.2 () {42 vars in 753 bytes} [Fri Aug 21 16:32:27 2015] GET /admin/jsi18n/ => generated 5309 bytes in 132 msecs (HTTP/1.1 200) 3 headers in 93 bytes (1 switches on core 0)
[pid: 5991|app: 0|req: 4/5] 10.211.55.2 () {42 vars in 788 bytes} [Fri Aug 21 16:32:43 2015] GET /secarch => generated 2357 bytes in 2 msecs (HTTP/1.1 404) 2 headers in 80 bytes (1 switches on core 0)
[pid: 5991|app: 0|req: 5/6] 10.211.55.2 () {42 vars in 796 bytes} [Fri Aug 21 16:33:03 2015] GET /search-form => generated 0 bytes in 0 msecs (HTTP/1.1 301) 3 headers in 146 bytes (1 switches on core 0)
[pid: 5991|app: 0|req: 6/7] 10.211.55.2 () {42 vars in 798 bytes} [Fri Aug 21 16:33:03 2015] GET /search-form/ => generated 212 bytes in 2 msecs (HTTP/1.1 200) 2 headers in 88 bytes (1 switches on core 0)
[pid: 5991|app: 0|req: 7/8] 10.211.55.2 () {44 vars in 842 bytes} [Fri Aug 21 16:33:13 2015] GET /search/?q=3 => generated 96 bytes in 7 msecs (HTTP/1.1 200) 2 headers in 88 bytes (1 switches on core 0)
[pid: 5991|app: 0|req: 8/9] 10.211.55.2 () {42 vars in 798 bytes} [Fri Aug 21 16:33:28 2015] GET /contact-form => generated 1082 bytes in 5 msecs (HTTP/1.1 200) 4 headers in 224 bytes (1 switches on core 0)
